<?xml version="1.0" encoding="UTF-8"?>
<testng-results skipped="0" failed="0" total="1" passed="1">
  <reporter-output>
  </reporter-output>
  <suite name="Surefire suite" duration-ms="43555" started-at="2017-04-05T13:46:39Z" finished-at="2017-04-05T13:47:22Z">
    <groups>
      <group name="cucumber">
        <method signature="AbstractTestNGCucumberTests.feature(cucumber.api.testng.CucumberFeatureWrapper)[pri:0, instance:runner.TestRunner@6615435c]" name="feature" class="cucumber.api.testng.AbstractTestNGCucumberTests"/>
      </group> <!-- cucumber -->
    </groups>
    <test name="Surefire test" duration-ms="43555" started-at="2017-04-05T13:46:39Z" finished-at="2017-04-05T13:47:22Z">
      <class name="runner.TestRunner">
        <test-method status="PASS" signature="setUpClass()[pri:0, instance:runner.TestRunner@6615435c]" name="setUpClass" is-config="true" duration-ms="164" started-at="2017-04-05T19:16:39Z" finished-at="2017-04-05T19:16:39Z">
          <reporter-output>
          </reporter-output>
        </test-method> <!-- setUpClass -->
        <test-method status="PASS" signature="feature(cucumber.api.testng.CucumberFeatureWrapper)[pri:0, instance:runner.TestRunner@6615435c]" name="feature" duration-ms="42414" started-at="2017-04-05T19:16:39Z" description="Runs Cucumber Feature" data-provider="features" finished-at="2017-04-05T19:17:22Z">
          <params>
            <param index="0">
              <value>
                <![CDATA[LoginFeature]]>
              </value>
            </param>
          </params>
          <reporter-output>
          </reporter-output>
        </test-method> <!-- feature -->
        <test-method status="PASS" signature="tearDownClass()[pri:0, instance:runner.TestRunner@6615435c]" name="tearDownClass" is-config="true" duration-ms="909" started-at="2017-04-05T19:17:22Z" finished-at="2017-04-05T19:17:22Z">
          <reporter-output>
          </reporter-output>
        </test-method> <!-- tearDownClass -->
      </class> <!-- runner.TestRunner -->
    </test> <!-- Surefire test -->
  </suite> <!-- Surefire suite -->
</testng-results>
